c:\users\dell\source\repos\compilers_hello\compilers_hello\debug\vc142.pdb
c:\users\dell\source\repos\compilers_hello\compilers_hello\debug\vc142.idb
c:\users\dell\source\repos\compilers_hello\compilers_hello\debug\syntax.obj
c:\users\dell\source\repos\compilers_hello\compilers_hello\debug\lang_tools.obj
c:\users\dell\source\repos\compilers_hello\compilers_hello\debug\al.obj
c:\users\dell\source\repos\compilers_hello\compilers_hello\al.c
c:\users\dell\source\repos\compilers_hello\compilers_hello\syntax.c
c:\users\dell\source\repos\compilers_hello\compilers_hello\syntax.h
c:\users\dell\source\repos\compilers_hello\debug\compilers_hello.ilk
c:\users\dell\source\repos\compilers_hello\debug\compilers_hello.exe
c:\users\dell\source\repos\compilers_hello\debug\compilers_hello.pdb
c:\users\dell\source\repos\compilers_hello\compilers_hello\debug\compilers_hello.tlog\cl.command.1.tlog
c:\users\dell\source\repos\compilers_hello\compilers_hello\debug\compilers_hello.tlog\cl.read.1.tlog
c:\users\dell\source\repos\compilers_hello\compilers_hello\debug\compilers_hello.tlog\cl.write.1.tlog
c:\users\dell\source\repos\compilers_hello\compilers_hello\debug\compilers_hello.tlog\custombuild.command.1.tlog
c:\users\dell\source\repos\compilers_hello\compilers_hello\debug\compilers_hello.tlog\custombuild.read.1.tlog
c:\users\dell\source\repos\compilers_hello\compilers_hello\debug\compilers_hello.tlog\custombuild.write.1.tlog
c:\users\dell\source\repos\compilers_hello\compilers_hello\debug\compilers_hello.tlog\link.command.1.tlog
c:\users\dell\source\repos\compilers_hello\compilers_hello\debug\compilers_hello.tlog\link.read.1.tlog
c:\users\dell\source\repos\compilers_hello\compilers_hello\debug\compilers_hello.tlog\link.write.1.tlog
